[1115/180702:ERROR:process_info.cc(608)] range at 0xff3c7000, size 0x230 fully unreadable
[1115/180702:ERROR:process_info.cc(608)] range at 0xff3cd000, size 0xf84 fully unreadable
[1115/180702:ERROR:process_info.cc(608)] range at 0xff3ca000, size 0xf84 fully unreadable
[1115/180702:ERROR:process_info.cc(608)] range at 0xff3c6000, size 0xf84 fully unreadable
[1115/180702:ERROR:process_info.cc(608)] range at 0xff28f000, size 0xf84 fully unreadable
[1115/180702:ERROR:process_info.cc(608)] range at 0xff28c000, size 0xf84 fully unreadable
[1115/180702:ERROR:process_info.cc(608)] range at 0xff289000, size 0xf84 fully unreadable
[1115/180702:ERROR:process_info.cc(608)] range at 0xff286000, size 0xf84 fully unreadable
[1115/180702:ERROR:process_info.cc(608)] range at 0xff283000, size 0xf84 fully unreadable
[1115/180702:ERROR:process_info.cc(608)] range at 0xff280000, size 0xf84 fully unreadable
[1115/180702:ERROR:process_info.cc(608)] range at 0xff27d000, size 0xf84 fully unreadable
[1115/180702:ERROR:process_info.cc(608)] range at 0xff27a000, size 0xf84 fully unreadable
[1115/180702:ERROR:process_info.cc(608)] range at 0xff277000, size 0xf84 fully unreadable
[1115/180702:ERROR:process_info.cc(608)] range at 0xfe814000, size 0x230 fully unreadable
[1115/180702:ERROR:process_info.cc(608)] range at 0xfe81f000, size 0xf84 fully unreadable
[1115/180702:ERROR:process_info.cc(608)] range at 0xfe81c000, size 0xf84 fully unreadable
[1115/180702:ERROR:process_info.cc(608)] range at 0xfe819000, size 0xf84 fully unreadable
[1115/180702:ERROR:process_info.cc(608)] range at 0xfe6df000, size 0xf84 fully unreadable
[1115/180702:ERROR:process_info.cc(608)] range at 0xfe6dc000, size 0xf84 fully unreadable
[1115/180702:ERROR:process_info.cc(608)] range at 0xfe6d9000, size 0xf84 fully unreadable
[1115/180702:ERROR:process_info.cc(608)] range at 0xfe6d6000, size 0xf84 fully unreadable
[1115/180702:ERROR:process_info.cc(608)] range at 0xfe6d3000, size 0xf84 fully unreadable
[1115/180702:ERROR:process_info.cc(608)] range at 0xfe6d0000, size 0xf84 fully unreadable
[1115/180702:ERROR:process_info.cc(608)] range at 0xfe6cd000, size 0xf84 fully unreadable
[1115/180702:ERROR:process_info.cc(608)] range at 0xfe6ca000, size 0xf84 fully unreadable
[1115/180703:ERROR:process_info.cc(372)] NtQuerySystemInformation SystemExtendedHandleInformation: 指定的信息记录长度与请求的信息类别长度不符合。  (0xc0000004)
[1115/180703:ERROR:process_reader_win.cc(233)] ReadMemory at 0xaa6000 of 40960 bytes failed: 仅完成部分的 ReadProcessMemory 或 WriteProcessMemory 请求。 (0x12B)
[1115/180703:ERROR:crash_report_exception_handler.cc(98)] WriteEverything failed
[1115/180703:ERROR:scoped_process_suspend.cc(38)] NtResumeProcess: 已尝试访问正在退出的过程。  (0xc000010a)
[1115/180703:ERROR:process_info.cc(372)] NtQuerySystemInformation SystemExtendedHandleInformation: 指定的信息记录长度与请求的信息类别长度不符合。  (0xc0000004)
[1115/180703:ERROR:process_reader_win.cc(233)] ReadMemory at 0xde5000 of 45056 bytes failed: 仅完成部分的 ReadProcessMemory 或 WriteProcessMemory 请求。 (0x12B)
[1115/180703:ERROR:crash_report_exception_handler.cc(98)] WriteEverything failed
[1115/180704:ERROR:scoped_process_suspend.cc(38)] NtResumeProcess: 已尝试访问正在退出的过程。  (0xc000010a)
